<?xml version="1.0" encoding="UTF-8"?>
<testsuite name="tests.RegistrationRemoteTests" tests="1" skipped="0" failures="0" errors="0" timestamp="2025-07-20T09:08:37" hostname="WIN-93OOUG3KSUQ" time="29.781">
  <properties/>
  <testcase name="successfulRegistrationTest()" classname="tests.RegistrationRemoteTests" time="29.781"/>
  <system-out><![CDATA[]]></system-out>
  <system-err><![CDATA[[Test worker] INFO com.codeborne.selenide.impl.WebDriverThreadLocalContainer - No webdriver is bound to current thread: 1 - let's create a new webdriver
[Test worker] INFO com.codeborne.selenide.impl.FileHelper - Creating folder: C:\Users\User\IdeaProjects\jenkins\build\downloads\1753002517840_4664_1
июл. 20, 2025 12:08:52 PM org.openqa.selenium.devtools.CdpVersionFinder findNearestMatch
WARNING: Unable to find CDP implementation matching 138
июл. 20, 2025 12:08:52 PM org.openqa.selenium.chromium.ChromiumDriver lambda$new$5
WARNING: Unable to find version of CDP to use for 138.0.7204.158. You may need to include a dependency on a specific version of the CDP using something similar to `org.seleniumhq.selenium:selenium-devtools-v86:4.19.1` where the version ("v86") matches the version of the chromium-based browser you're using and the version number of the artifact is the same as Selenium's.
[Test worker] INFO com.codeborne.selenide.webdriver.WebDriverFactory - BrowserName=chrome Version=138.0.7204.158 Platform=windows
[Test worker] INFO com.codeborne.selenide.webdriver.WebDriverFactory - Selenide v. 7.2.3
[Test worker] INFO com.codeborne.selenide.webdriver.WebDriverFactory - Selenium WebDriver v. 4.19.1 build revision: abe0ee07dc
[Test worker] INFO com.codeborne.selenide.drivercommands.CreateDriverCommand - Created webdriver in thread 1: ChromeDriver -> ChromeDriver: chrome on windows (02a2ab6fdcfa3d76b7806369d44cbf7a), downloadsFolder: C:\Users\User\IdeaProjects\jenkins\build\downloads\1753002517840_4664_1
[Test worker] INFO com.codeborne.selenide.drivercommands.DisposablesRegistry - Register WebDriverInstance[config=StaticConfig, webDriver=ChromeDriver: chrome on windows (02a2ab6fdcfa3d76b7806369d44cbf7a), proxy=null, downloadsFolder=C:\Users\User\IdeaProjects\jenkins\build\downloads\1753002517840_4664_1] in 1 [size=1]
[Test worker] INFO com.codeborne.selenide.drivercommands.DisposablesRegistry - Add shutdown hook in 1 [size=1]
]]></system-err>
</testsuite>
